<?xml version="1.0" encoding="UTF-8"?>
<!-- Generated by org.testng.reporters.JUnitReportReporter -->
<testsuite skipped="0" hostname="My-PC" name="qa.com.test.TestClass" tests="1" failures="0" timestamp="2020-12-21T12:51:51 IST" time="14.881" errors="0">
  <testcase name="googleSearchTest" time="14.881" classname="qa.com.test.TestClass"/>
  <system-out/>
</testsuite> <!-- qa.com.test.TestClass -->
