<?xml version="1.0" encoding="UTF-8"?>
<!-- Generated by org.testng.reporters.JUnitReportReporter -->
<testsuite skipped="0" hostname="My-PC" name="qa.com.test.Test" tests="1" failures="0" timestamp="2020-12-03T18:14:17 IST" time="15.417" errors="0">
  <testcase name="googleSearchTest" time="15.417" classname="qa.com.test.Test"/>
  <system-out/>
</testsuite> <!-- qa.com.test.Test -->
