<?xml version="1.0" encoding="UTF-8"?>
<!-- Generated by org.testng.reporters.JUnitReportReporter -->
<testsuite skipped="0" hostname="My-PC" name="qa.com.test.TestClass" tests="1" failures="0" timestamp="2020-12-04T20:11:35 IST" time="36.959" errors="0">
  <testcase name="googleSearchTest" time="36.959" classname="qa.com.test.TestClass"/>
  <system-out/>
</testsuite> <!-- qa.com.test.TestClass -->
